Arguments: 
  /Users/chetangulati/.nvm/versions/node/v16.13.1/bin/node /Users/chetangulati/.nvm/versions/node/v14.18.3/bin/yarn

PATH: 
  /Users/chetangulati/.nvm/versions/node/v16.13.1/bin:/opt/homebrew/opt/python@3.8/bin:/opt/homebrew/bin:/Users/chetangulati/.nvm/versions/node/v14.18.3/bin:/Library/Frameworks/Python.framework/Versions/3.9/bin:/usr/local/bin:/usr/bin:/bin:/usr/sbin:/sbin:/Users/chetangulati/.nvm/versions/node/v15.11.0/bin/node:/Applications/flutter/bin/:/usr/local/go/bin:/Library/Apple/usr/bin:/opt/homebrew/opt/python@3.8/bin:/opt/homebrew/bin:/Users/chetangulati/.nvm/versions/node/v14.18.3/bin:/Library/Frameworks/Python.framework/Versions/3.9/bin

Yarn version: 
  1.22.17

Node version: 
  16.13.1

Platform: 
  darwin arm64

Trace: 
  Error: ENOSPC: no space left on device, copyfile '/Users/chetangulati/Library/Caches/Yarn/v6/npm-zen-observable-0.7.1-f84075c0ee085594d3566e1d6454207f126411b3-integrity/node_modules/zen-observable/LICENSE' -> '/Users/chetangulati/Clients/futurebright-nx-backend/node_modules/zen-observable/LICENSE'

npm manifest: 
  {
    "name": "futurebright",
    "version": "0.0.0",
    "license": "MIT",
    "scripts": {
      "start": "nx serve",
      "build": "nx build",
      "test": "nx test",
      "deploy": "nx deploy"
    },
    "private": true,
    "dependencies": {
      "@aaronhayes/react-use-hubspot-form": "^2.1.1",
      "@chakra-ui/react": "^2.1.2",
      "@emotion/react": "^11.9.0",
      "@emotion/styled": "^11.8.1",
      "@hookform/resolvers": "^2.8.10",
      "@nrwl/next": "14.1.9",
      "@ns3/nx-serverless": "^3.0.0",
      "apexcharts": "^3.35.3",
      "aws-amplify": "^4.3.24",
      "framer-motion": "^6.3.4",
      "next": "12.1.6",
      "next-seo": "^5.4.0",
      "react": "18.1.0",
      "react-apexcharts": "^1.4.0",
      "react-dom": "18.1.0",
      "react-google-recaptcha-v3": "^1.9.8",
      "react-hook-form": "^7.31.2",
      "react-icons": "^4.3.1",
      "regenerator-runtime": "0.13.7",
      "tslib": "^2.3.0",
      "yup": "^0.32.11",
      "@middy/core": "^2.5.3",
      "@middy/http-json-body-parser": "^2.5.3",
      "@types/jsonwebtoken": "^8.5.8",
      "serverless-auto-swagger": "^2.5.1"
    },
    "devDependencies": {
      "@nrwl/cli": "14.1.9",
      "@nrwl/cypress": "14.1.9",
      "@nrwl/eslint-plugin-nx": "14.1.9",
      "@nrwl/jest": "14.1.9",
      "@nrwl/js": "^14.1.9",
      "@nrwl/linter": "14.1.9",
      "@nrwl/node": "^14.3.1",
      "@nrwl/react": "14.1.9",
      "@nrwl/web": "14.1.9",
      "@nrwl/workspace": "14.1.9",
      "@ns3/nx-serverless": "*",
      "@nxext/vitest": "^14.0.0",
      "@svgr/webpack": "^6.2.1",
      "@testing-library/react": "^13.2.0",
      "@types/jest": "27.4.1",
      "@types/node": "17.0.35",
      "@types/react": "18.0.9",
      "@types/react-dom": "18.0.5",
      "@types/react-google-recaptcha": "^2.1.5",
      "@typescript-eslint/eslint-plugin": "~5.18.0",
      "@typescript-eslint/parser": "~5.18.0",
      "@vitejs/plugin-react": "^1.3.2",
      "@vitest/ui": "^0.12.9",
      "babel-jest": "27.5.1",
      "c8": "^7.11.3",
      "cypress": "^9.1.0",
      "eslint": "8.16.0",
      "eslint-config-next": "12.1.6",
      "eslint-config-prettier": "^8.5.0",
      "eslint-plugin-cypress": "^2.10.3",
      "eslint-plugin-jsx-a11y": "6.5.1",
      "jest": "27.5.1",
      "jsdom": "^19.0.0",
      "nx": "14.1.9",
      "prettier": "^2.6.2",
      "react-test-renderer": "18.1.0",
      "serverless-bundle": "^5.3.0",
      "ts-jest": "27.1.4",
      "ts-node": "9.1.1",
      "typescript": "4.7.2",
      "vitest": "^0.12.9",
      "@serverless/typescript": "^3.0.0",
      "@types/aws-lambda": "^8.10.71",
      "aws-sdk": "^2.1142.0",
      "esbuild": "^0.14.11",
      "json-schema-to-ts": "^1.5.0",
      "serverless": "^3.0.0",
      "serverless-dotenv-plugin": "^4.0.1",
      "serverless-esbuild": "^1.23.3",
      "serverless-offline": "^8.8.0",
      "serverless-openapi-documentation-v2": "^0.4.6",
      "tsconfig-paths": "^3.9.0"
    }
  }

yarn manifest: 
  No manifest

Lockfile: 
  No lockfile
